<?xml version="1.0" encoding="UTF-8"?>
<!-- Generated by org.testng.reporters.JUnitXMLReporter -->
<testsuite ignored="0" hostname="DESKTOP-M8UDQ4F" failures="0" tests="3" name="Default test" time="0.126" errors="0" timestamp="2021-10-25T08:00:55 IST">
  <testcase classname="seleniumdemopackage.seldemoclass" name="@BeforeSuite launchUrl" time="1.574">
    <failure type="org.openqa.selenium.SessionNotCreatedException" message="session not created: This version of ChromeDriver only supports Chrome version 93
Current browser version is 95.0.4638.54 with binary path C:\Program Files\Google\Chrome\Application\chrome.exe
Build info: version: &amp;apos;3.141.59&amp;apos;, revision: &amp;apos;e82be7d358&amp;apos;, time: &amp;apos;2018-11-14T08:25:48&amp;apos;
System info: host: &amp;apos;DESKTOP-M8UDQ4F&amp;apos;, ip: &amp;apos;192.168.1.100&amp;apos;, os.name: &amp;apos;Windows 10&amp;apos;, os.arch: &amp;apos;amd64&amp;apos;, os.version: &amp;apos;10.0&amp;apos;, java.version: &amp;apos;16.0.2&amp;apos;
Driver info: driver.version: ChromeDriver
remote stacktrace: Backtrace:
	Ordinal0 [0x0081D403+2479107]
	Ordinal0 [0x007B7D51+2063697]
	Ordinal0 [0x006C20C8+1056968]
	Ordinal0 [0x006E043A+1180730]
	Ordinal0 [0x006DC355+1164117]
	Ordinal0 [0x006D9B7F+1153919]
	Ordinal0 [0x00709CBF+1350847]
	Ordinal0 [0x0070992A+1349930]
	Ordinal0 [0x0070583B+1333307]
	Ordinal0 [0x006E1F94+1187732]
	Ordinal0 [0x006E2DE9+1191401]
	GetHandleVerifier [0x0099F3F6+1531734]
	GetHandleVerifier [0x00A4E9AE+2249998]
	GetHandleVerifier [0x008A39AB+501003]
	GetHandleVerifier [0x008A2A29+497033]
	Ordinal0 [0x007BD11D+2085149]
	Ordinal0 [0x007C11C8+2101704]
	Ordinal0 [0x007C1302+2102018]
	Ordinal0 [0x007CAA71+2140785]
	BaseThreadInitThunk [0x75B6FA29+25]
	RtlGetAppContainerNamedObjectPath [0x77067A9E+286]
	RtlGetAppContainerNamedObjectPath [0x77067A6E+238]
">
      <![CDATA[org.openqa.selenium.SessionNotCreatedException: session not created: This version of ChromeDriver only supports Chrome version 93
Current browser version is 95.0.4638.54 with binary path C:\Program Files\Google\Chrome\Application\chrome.exe
Build info: version: '3.141.59', revision: 'e82be7d358', time: '2018-11-14T08:25:48'
System info: host: 'DESKTOP-M8UDQ4F', ip: '192.168.1.100', os.name: 'Windows 10', os.arch: 'amd64', os.version: '10.0', java.version: '16.0.2'
Driver info: driver.version: ChromeDriver
remote stacktrace: Backtrace:
Ordinal0 [0x0081D403+2479107]
Ordinal0 [0x007B7D51+2063697]
Ordinal0 [0x006C20C8+1056968]
Ordinal0 [0x006E043A+1180730]
Ordinal0 [0x006DC355+1164117]
Ordinal0 [0x006D9B7F+1153919]
Ordinal0 [0x00709CBF+1350847]
Ordinal0 [0x0070992A+1349930]
Ordinal0 [0x0070583B+1333307]
Ordinal0 [0x006E1F94+1187732]
Ordinal0 [0x006E2DE9+1191401]
GetHandleVerifier [0x0099F3F6+1531734]
GetHandleVerifier [0x00A4E9AE+2249998]
GetHandleVerifier [0x008A39AB+501003]
GetHandleVerifier [0x008A2A29+497033]
Ordinal0 [0x007BD11D+2085149]
Ordinal0 [0x007C11C8+2101704]
Ordinal0 [0x007C1302+2102018]
Ordinal0 [0x007CAA71+2140785]
BaseThreadInitThunk [0x75B6FA29+25]
RtlGetAppContainerNamedObjectPath [0x77067A9E+286]
RtlGetAppContainerNamedObjectPath [0x77067A6E+238]

at java.base/jdk.internal.reflect.NativeConstructorAccessorImpl.newInstance0(Native Method)
at java.base/jdk.internal.reflect.NativeConstructorAccessorImpl.newInstance(NativeConstructorAccessorImpl.java:78)
at java.base/jdk.internal.reflect.DelegatingConstructorAccessorImpl.newInstance(DelegatingConstructorAccessorImpl.java:45)
at java.base/java.lang.reflect.Constructor.newInstanceWithCaller(Constructor.java:499)
at java.base/java.lang.reflect.Constructor.newInstance(Constructor.java:480)
at org.openqa.selenium.remote.W3CHandshakeResponse.lambda$errorHandler$0(W3CHandshakeResponse.java:62)
at org.openqa.selenium.remote.HandshakeResponse.lambda$getResponseFunction$0(HandshakeResponse.java:30)
at org.openqa.selenium.remote.ProtocolHandshake.lambda$createSession$0(ProtocolHandshake.java:126)
at java.base/java.util.stream.ReferencePipeline$3$1.accept(ReferencePipeline.java:197)
at java.base/java.util.Spliterators$ArraySpliterator.tryAdvance(Spliterators.java:958)
at java.base/java.util.stream.ReferencePipeline.forEachWithCancel(ReferencePipeline.java:129)
at java.base/java.util.stream.AbstractPipeline.copyIntoWithCancel(AbstractPipeline.java:502)
at java.base/java.util.stream.AbstractPipeline.copyInto(AbstractPipeline.java:488)
at java.base/java.util.stream.AbstractPipeline.wrapAndCopyInto(AbstractPipeline.java:474)
at java.base/java.util.stream.FindOps$FindOp.evaluateSequential(FindOps.java:150)
at java.base/java.util.stream.AbstractPipeline.evaluate(AbstractPipeline.java:234)
at java.base/java.util.stream.ReferencePipeline.findFirst(ReferencePipeline.java:647)
at org.openqa.selenium.remote.ProtocolHandshake.createSession(ProtocolHandshake.java:128)
at org.openqa.selenium.remote.ProtocolHandshake.createSession(ProtocolHandshake.java:74)
at org.openqa.selenium.remote.HttpCommandExecutor.execute(HttpCommandExecutor.java:136)
at org.openqa.selenium.remote.service.DriverCommandExecutor.execute(DriverCommandExecutor.java:83)
at org.openqa.selenium.remote.RemoteWebDriver.execute(RemoteWebDriver.java:552)
at org.openqa.selenium.remote.RemoteWebDriver.startSession(RemoteWebDriver.java:213)
at org.openqa.selenium.remote.RemoteWebDriver.<init>(RemoteWebDriver.java:131)
at org.openqa.selenium.chrome.ChromeDriver.<init>(ChromeDriver.java:181)
at org.openqa.selenium.chrome.ChromeDriver.<init>(ChromeDriver.java:168)
at org.openqa.selenium.chrome.ChromeDriver.<init>(ChromeDriver.java:123)
at seleniumdemopackage.seldemoclass.launchUrl(seldemoclass.java:24)
at java.base/jdk.internal.reflect.NativeMethodAccessorImpl.invoke0(Native Method)
at java.base/jdk.internal.reflect.NativeMethodAccessorImpl.invoke(NativeMethodAccessorImpl.java:78)
at java.base/jdk.internal.reflect.DelegatingMethodAccessorImpl.invoke(DelegatingMethodAccessorImpl.java:43)
at java.base/java.lang.reflect.Method.invoke(Method.java:567)
at org.testng.internal.MethodInvocationHelper.invokeMethod(MethodInvocationHelper.java:133)
at org.testng.internal.MethodInvocationHelper.invokeMethodConsideringTimeout(MethodInvocationHelper.java:62)
at org.testng.internal.ConfigInvoker.invokeConfigurationMethod(ConfigInvoker.java:385)
at org.testng.internal.ConfigInvoker.invokeConfigurations(ConfigInvoker.java:321)
at org.testng.SuiteRunner.privateRun(SuiteRunner.java:317)
at org.testng.SuiteRunner.run(SuiteRunner.java:276)
at org.testng.SuiteRunnerWorker.runSuite(SuiteRunnerWorker.java:53)
at org.testng.SuiteRunnerWorker.run(SuiteRunnerWorker.java:96)
at org.testng.TestNG.runSuitesSequentially(TestNG.java:1212)
at org.testng.TestNG.runSuitesLocally(TestNG.java:1134)
at org.testng.TestNG.runSuites(TestNG.java:1063)
at org.testng.TestNG.run(TestNG.java:1031)
at org.testng.remote.AbstractRemoteTestNG.run(AbstractRemoteTestNG.java:115)
at org.testng.remote.RemoteTestNG.initAndRun(RemoteTestNG.java:251)
at org.testng.remote.RemoteTestNG.main(RemoteTestNG.java:77)
]]>
    </failure>
  </testcase> <!-- @BeforeSuite launchUrl -->
  <testcase classname="seleniumdemopackage.seldemoclass" name="login" time="0.0">
    <skipped/>
  </testcase> <!-- login -->
  <testcase classname="seleniumdemopackage.seldemoclass" name="login" time="0.0">
    <skipped/>
  </testcase> <!-- login -->
  <testcase classname="seleniumdemopackage.seldemoclass" name="login" time="0.0">
    <skipped/>
  </testcase> <!-- login -->
</testsuite> <!-- Default test -->
