<?xml version="1.0" encoding="UTF-8"?>
<!-- Generated by org.testng.reporters.JUnitXMLReporter -->
<testsuite ignored="0" hostname="DESKTOP-M8UDQ4F" failures="0" tests="3" name="Test" time="0.054" errors="0" timestamp="2021-10-25T07:36:56 IST">
  <testcase classname="seleniumdemopackage.seldemoclass" name="@BeforeSuite launchUrl" time="-1.635127616395E9">
    <failure type="org.testng.TestNGException" message="
Parameter &amp;apos;browser&amp;apos; is required by BeforeSuite on method launchUrl but has not been marked @Optional or defined
in C:\Users\Mugundhan\Documents\selworkspace\seleniumdemo\testng.xml">
      <![CDATA[org.testng.TestNGException: 
Parameter 'browser' is required by BeforeSuite on method launchUrl but has not been marked @Optional or defined
in C:\Users\Mugundhan\Documents\selworkspace\seleniumdemo\testng.xml
... Removed 16 stack frames]]>
    </failure>
  </testcase> <!-- @BeforeSuite launchUrl -->
  <testcase classname="seleniumdemopackage.seldemoclass" name="login" time="0.0">
    <skipped/>
  </testcase> <!-- login -->
  <testcase classname="seleniumdemopackage.seldemoclass" name="login" time="0.0">
    <skipped/>
  </testcase> <!-- login -->
  <testcase classname="seleniumdemopackage.seldemoclass" name="login" time="0.0">
    <skipped/>
  </testcase> <!-- login -->
</testsuite> <!-- Test -->
